This is pdfTeX, Version 3.14159265-2.6-1.40.21 (TeX Live 2020) (preloaded format=pdflatex 2021.3.16)  26 MAR 2021 17:21
entering extended mode
 restricted \write18 enabled.
 %&-line parsing enabled.
**abntex2-modelo-trabalho-academico.tex
(./abntex2-modelo-trabalho-academico.tex
LaTeX2e <2020-10-01> patch level 4
L3 programming layer <2021-02-18>
(/usr/local/texlive/2020/texmf-dist/tex/latex/abntex2/abntex2.cls
Document Class: abntex2 2018/11/24 v-1.9.7 abnTeX2
(/usr/local/texlive/2020/texmf-dist/tex/latex/base/ifthen.sty
Package: ifthen 2014/09/29 v1.1c Standard LaTeX ifthen package (DPC)
)
(/usr/local/texlive/2020/texmf-dist/tex/latex/memoir/memoir.cls
Document Class: memoir 2020/10/04 v3.7n configurable book, report, article docu
ment class
\onelineskip=\skip47
\lxvchars=\skip48
\xlvchars=\skip49
\@memcnta=\count179
\c@@memmarkcntra=\count180
(/usr/local/texlive/2020/texmf-dist/tex/generic/iftex/iftex.sty
Package: iftex 2020/03/06 v1.0d TeX engine tests
)
\stockheight=\skip50
\stockwidth=\skip51
\trimtop=\skip52
\trimedge=\skip53

(/usr/local/texlive/2020/texmf-dist/tex/latex/memoir/mem12.clo
File: mem12.clo 2010/10/19 v0.4b memoir class 12pt size option
)
\binding=\skip54
\spinemargin=\skip55
\foremargin=\skip56
\uppermargin=\skip57
\lowermargin=\skip58
\headdrop=\skip59
\normalrulethickness=\skip60
\mem@maxheadheight=\skip61
\mem@maxfootheight=\skip62
\headwidth=\skip63
\c@storedpagenumber=\count181
\memPD=\dimen138
\m@mabparskip=\skip64
\thanksmarkwidth=\skip65
\thanksmarksep=\skip66
\droptitle=\skip67
\c@book=\count182
\c@part=\count183
\c@chapter=\count184
\c@section=\count185
\c@subsection=\count186
\c@subsubsection=\count187
\c@paragraph=\count188
\c@subparagraph=\count189
\beforechapskip=\skip68
\midchapskip=\skip69
\afterchapskip=\skip70
\chapindent=\skip71
\bottomsectionskip=\skip72
\secindent=\skip73
\beforesecskip=\skip74
\aftersecskip=\skip75
\subsecindent=\skip76
\beforesubsecskip=\skip77
\aftersubsecskip=\skip78
\subsubsecindent=\skip79
\beforesubsubsecskip=\skip80
\aftersubsubsecskip=\skip81
\paraindent=\skip82
\beforeparaskip=\skip83
\afterparaskip=\skip84
\subparaindent=\skip85
\beforesubparaskip=\skip86
\aftersubparaskip=\skip87
\pfbreakskip=\skip88
\c@@ppsavesec=\count190
\c@@ppsaveapp=\count191
\ragrparindent=\dimen139
\everylistparindent=\dimen140
\parsepi=\skip89
\topsepi=\skip90
\itemsepi=\skip91
\parsepii=\skip92
\topsepii=\skip93
\topsepiii=\skip94
\itemsepii=\skip95
\itemsepiii=\skip96
\partopsepii=\skip97
\partopsepiii=\skip98
\m@msavetopsep=\skip99
\m@msavepartopsep=\skip100
\@enLab=\toks15
\abstitleskip=\skip101
\absleftindent=\skip102
\abs@leftindent=\dimen141
\absrightindent=\skip103
\absparindent=\skip104
\absparsep=\skip105
\c@vslineno=\count192
\c@poemline=\count193
\c@modulo@vs=\count194
\c@memfvsline=\count195
\vleftskip=\skip106
\vrightskip=\skip107
\stanzaskip=\skip108
\versewidth=\skip109
\vgap=\skip110
\vindent=\skip111
\vleftmargin=\dimen142
\c@verse=\count196
\c@chrsinstr=\count197
\beforepoemtitleskip=\skip112
\afterpoemtitleskip=\skip113
\c@poem=\count198
\beforePoemTitleskip=\skip114
\midPoemTitleskip=\skip115
\afterPoemTitleskip=\skip116

(/usr/local/texlive/2020/texmf-dist/tex/latex/tools/array.sty
Package: array 2020/10/01 v2.5c Tabular extension package (FMi)
\col@sep=\dimen143
\ar@mcellbox=\box47
\extrarowheight=\dimen144
\NC@list=\toks16
\extratabsurround=\skip117
\backup@length=\skip118
\ar@cellbox=\box48
)
(/usr/local/texlive/2020/texmf-dist/tex/latex/tools/dcolumn.sty
Package: dcolumn 2014/10/28 v1.06 decimal alignment package (DPC)
)
(/usr/local/texlive/2020/texmf-dist/tex/latex/tools/delarray.sty
Package: delarray 2014/10/28 v1.01 array delimiter package (DPC)
)
(/usr/local/texlive/2020/texmf-dist/tex/latex/tools/tabularx.sty
Package: tabularx 2020/01/15 v2.11c `tabularx' package (DPC)
\TX@col@width=\dimen145
\TX@old@table=\dimen146
\TX@old@col=\dimen147
\TX@target=\dimen148
\TX@delta=\dimen149
\TX@cols=\count199
\TX@ftn=\toks17
)
\heavyrulewidth=\dimen150
\lightrulewidth=\dimen151
\cmidrulewidth=\dimen152
\belowrulesep=\dimen153
\belowbottomsep=\dimen154
\aboverulesep=\dimen155
\abovetopsep=\dimen156
\cmidrulesep=\dimen157
\cmidrulekern=\dimen158
\defaultaddspace=\dimen159
\@cmidla=\count266
\@cmidlb=\count267
\@aboverulesep=\dimen160
\@belowrulesep=\dimen161
\@thisruleclass=\count268
\@lastruleclass=\count269
\@thisrulewidth=\dimen162
\ctableftskip=\skip119
\ctabrightskip=\skip120
\abovecolumnspenalty=\count270
\@linestogo=\count271
\@cellstogo=\count272
\@cellsincolumn=\count273
\crtok=\toks18
\@mincolumnwidth=\dimen163
\c@newflo@tctr=\count274
\mem@margin@floatbox=\box49
\@contcwidth=\skip121
\@contindw=\skip122
\abovecaptionskip=\skip123
\belowcaptionskip=\skip124
\subfloattopskip=\skip125
\subfloatcapskip=\skip126
\subfloatcaptopadj=\skip127
\subfloatbottomskip=\skip128
\subfloatlabelskip=\skip129
\subfloatcapmargin=\dimen164
\c@@contsubnum=\count275
\m@mscap@capbox=\box50
\m@mscap@fbox=\box51
\sidecapsep=\dimen165
\sidecapwidth=\dimen166
\m@m@tempdima=\dimen167
\m@mscapraise=\dimen168
\sidecapraise=\dimen169
\m@mscapmainwidth=\dimen170
\m@mscaplkern=\dimen171
\beforeepigraphskip=\skip130
\afterepigraphskip=\skip131
\epigraphwidth=\skip132
\epigraphrule=\skip133
LaTeX Info: Redefining \em on input line 7678.
LaTeX Info: Redefining \emph on input line 7686.
\tocentryskip=\skip134
\tocbaseline=\skip135
\cftparskip=\skip136
\cftbeforebookskip=\skip137
\cftbookindent=\dimen172
\cftbooknumwidth=\dimen173
\cftbeforepartskip=\skip138
\cftpartindent=\skip139
\cftpartnumwidth=\skip140
\cftbeforechapterskip=\skip141
\cftchapterindent=\skip142
\cftchapternumwidth=\skip143
\cftbeforesectionskip=\skip144
\cftsectionindent=\skip145
\cftsectionnumwidth=\skip146
\cftbeforesubsectionskip=\skip147
\cftsubsectionindent=\skip148
\cftsubsectionnumwidth=\skip149
\cftbeforesubsubsectionskip=\skip150
\cftsubsubsectionindent=\skip151
\cftsubsubsectionnumwidth=\skip152
\cftbeforeparagraphskip=\skip153
\cftparagraphindent=\skip154
\cftparagraphnumwidth=\skip155
\cftbeforesubparagraphskip=\skip156
\cftsubparagraphindent=\skip157
\cftsubparagraphnumwidth=\skip158
\prechapterprecisshift=\dimen174
\c@maxsecnumdepth=\count276
\bibindent=\dimen175
\bibitemsep=\skip159
\indexcolsep=\skip160
\indexrule=\skip161
\indexmarkstyle=\toks19
\@indexbox=\insert252
\glossarycolsep=\dimen176
\glossaryrule=\dimen177
\sideparvshift=\skip162
\sideins=\insert251
\sidebartopsep=\skip163
\sidebarhsep=\skip164
\sidebarvsep=\skip165
\sidebarwidth=\skip166
\footmarkwidth=\skip167
\footmarksep=\skip168
\footparindent=\skip169
\footinsdim=\skip170
\footinsv@r=\insert250
\@mpfootinsv@r=\insert249
\m@m@k=\count277
\m@m@h=\dimen178
\m@mipn@skip=\skip171
\sidefootins=\insert248
\sidefootadjust=\skip172
\sidefootheight=\skip173
\sidefoothsep=\skip174
\sidefootvsep=\skip175
\sidefootwidth=\skip176
\m@mdownsf=\skip177
\c@sidefootnote=\count278
\sidefootmarkwidth=\skip178
\sidefootmarksep=\skip179
\sidefootparindent=\skip180
\c@pagenote=\count279
\c@pagenoteshadow=\count280
\mem@pn@lastkern=\skip181
\every@verbatim=\toks20
\afterevery@verbatim=\toks21
\verbatim@line=\toks22
\tab@position=\count281
\verbatim@in@stream=\read2
\verbatimindent=\skip182
\verbatim@out=\write3
\bvboxsep=\skip183
\c@memfbvline=\count282
\c@bvlinectr=\count283
\bvnumlength=\skip184
\fb@frw=\dimen179
\fb@frh=\dimen180
\FrameRule=\dimen181
\FrameSep=\dimen182
\c@cp@cntr=\count284
\c@ism@mctr=\count285
\c@xsm@mctr=\count286
\c@csm@mctr=\count287
\c@ksm@mctr=\count288
\c@xksm@mctr=\count289
\c@cksm@mctr=\count290
\c@msm@mctr=\count291
\c@xmsm@mctr=\count292
\c@cmsm@mctr=\count293
\c@bsm@mctr=\count294
\c@workm@mctr=\count295
\c@sheetsequence=\count296
\c@lastsheet=\count297
\c@lastpage=\count298

(/usr/local/texlive/2020/texmf-dist/tex/latex/textcase/textcase.sty
Package: textcase 2019/09/14 v1.00 Text only upper/lower case changing (DPC)
)
\c@figure=\count299
\c@lofdepth=\count300
\cftbeforefigureskip=\skip185
\cftfigureindent=\skip186
\cftfigurenumwidth=\skip187
\c@table=\count301
\c@lotdepth=\count302
\cftbeforetableskip=\skip188
\cfttableindent=\skip189
\cfttablenumwidth=\skip190
Package abstract [2008/07/23] emulated by memoir.
Package appendix [2008/07/23] emulated by memoir.
Package booktabs [2016/05/16] emulated by memoir.
Package ccaption [2008/07/23] emulated by memoir.
Package changepage [2008/07/23] emulated by memoir.
Package chngcntr [2008/07/23] emulated by memoir.
Package chngpage [2008/07/23] emulated by memoir.
Package crop emulated by memoir.
Package enumerate [2008/07/23] emulated by memoir.
Package epigraph [2008/07/23] emulated by memoir.
Package ifmtarg [2008/07/23] emulated by memoir.
Package index [2008/07/23] emulated by memoir.
Package makeidx [2008/07/23] emulated by memoir.
Package moreverb [2008/07/23] emulated by memoir.
Package mparhack [2008/07/23] emulated by memoir.
Package needspace [2008/07/23] emulated by memoir.
Package newfile [2008/07/23] emulated by memoir.
Package nextpage [2008/07/23] emulated by memoir.
Package pagenote [2008/07/23] emulated by memoir.
Package parskip [2008/07/23] emulated by memoir.
Package patchcmd [2008/07/23] emulated by memoir.
Package setspace [2008/07/23] emulated by memoir.
Package shortvrb [2008/07/23] emulated by memoir.
Package showidx [2008/07/23] emulated by memoir.
Package titleref [2008/07/23] emulated by memoir.
Package titling [2008/07/23] emulated by memoir.
Package tocbibind [2008/07/23] emulated by memoir.
Package tocloft [2008/07/23] emulated by memoir.
Package tocvsec2 [2008/07/23] emulated by memoir.
Package verbatim [2008/07/23] emulated by memoir.
Package verse [2008/07/23] emulated by memoir.
)
(/usr/local/texlive/2020/texmf-dist/tex/latex/hyperref/hyperref.sty
Package: hyperref 2021-02-27 v7.00k Hypertext links for LaTeX

(/usr/local/texlive/2020/texmf-dist/tex/generic/ltxcmds/ltxcmds.sty
Package: ltxcmds 2020-05-10 v1.25 LaTeX kernel commands for general use (HO)
)
(/usr/local/texlive/2020/texmf-dist/tex/generic/pdftexcmds/pdftexcmds.sty
Package: pdftexcmds 2020-06-27 v0.33 Utility functions of pdfTeX for LuaTeX (HO
)

(/usr/local/texlive/2020/texmf-dist/tex/generic/infwarerr/infwarerr.sty
Package: infwarerr 2019/12/03 v1.5 Providing info/warning/error messages (HO)
)
Package pdftexcmds Info: \pdf@primitive is available.
Package pdftexcmds Info: \pdf@ifprimitive is available.
Package pdftexcmds Info: \pdfdraftmode found.
)
(/usr/local/texlive/2020/texmf-dist/tex/latex/graphics/keyval.sty
Package: keyval 2014/10/28 v1.15 key=value parser (DPC)
\KV@toks@=\toks23
)
(/usr/local/texlive/2020/texmf-dist/tex/generic/kvsetkeys/kvsetkeys.sty
Package: kvsetkeys 2019/12/15 v1.18 Key value parser (HO)
)
(/usr/local/texlive/2020/texmf-dist/tex/generic/kvdefinekeys/kvdefinekeys.sty
Package: kvdefinekeys 2019-12-19 v1.6 Define keys (HO)
)
(/usr/local/texlive/2020/texmf-dist/tex/generic/pdfescape/pdfescape.sty
Package: pdfescape 2019/12/09 v1.15 Implements pdfTeX's escape features (HO)
)
(/usr/local/texlive/2020/texmf-dist/tex/latex/hycolor/hycolor.sty
Package: hycolor 2020-01-27 v1.10 Color options for hyperref/bookmark (HO)
)
(/usr/local/texlive/2020/texmf-dist/tex/latex/letltxmacro/letltxmacro.sty
Package: letltxmacro 2019/12/03 v1.6 Let assignment for LaTeX macros (HO)
)
(/usr/local/texlive/2020/texmf-dist/tex/latex/auxhook/auxhook.sty
Package: auxhook 2019-12-17 v1.6 Hooks for auxiliary files (HO)
)
(/usr/local/texlive/2020/texmf-dist/tex/latex/kvoptions/kvoptions.sty
Package: kvoptions 2020-10-07 v3.14 Key value format for package options (HO)
)
\@linkdim=\dimen183
\Hy@linkcounter=\count303
\Hy@pagecounter=\count304

(/usr/local/texlive/2020/texmf-dist/tex/latex/hyperref/pd1enc.def
File: pd1enc.def 2021-02-27 v7.00k Hyperref: PDFDocEncoding definition (HO)
Now handling font encoding PD1 ...
... no UTF-8 mapping file for font encoding PD1
)
(/usr/local/texlive/2020/texmf-dist/tex/latex/hyperref/hyperref-langpatches.def
File: hyperref-langpatches.def 2021-02-27 v7.00k Hyperref: patches for babel la
nguages
) (/usr/local/texlive/2020/texmf-dist/tex/generic/intcalc/intcalc.sty
Package: intcalc 2019/12/15 v1.3 Expandable calculations with integers (HO)
)
(/usr/local/texlive/2020/texmf-dist/tex/generic/etexcmds/etexcmds.sty
Package: etexcmds 2019/12/15 v1.7 Avoid name clashes with e-TeX commands (HO)
)
\Hy@SavedSpaceFactor=\count305

(/usr/local/texlive/2020/texmf-dist/tex/latex/hyperref/puenc.def
File: puenc.def 2021-02-27 v7.00k Hyperref: PDF Unicode definition (HO)
Now handling font encoding PU ...
... no UTF-8 mapping file for font encoding PU
)
Package hyperref Info: Hyper figures OFF on input line 4192.
Package hyperref Info: Link nesting OFF on input line 4197.
Package hyperref Info: Hyper index ON on input line 4200.
Package hyperref Info: Plain pages OFF on input line 4207.
Package hyperref Info: Backreferencing OFF on input line 4212.
Package hyperref Info: Implicit mode ON; LaTeX internals redefined.
Package hyperref Info: Bookmarks ON on input line 4445.
\c@Hy@tempcnt=\count306

(/usr/local/texlive/2020/texmf-dist/tex/latex/url/url.sty
\Urlmuskip=\muskip16
Package: url 2013/09/16  ver 3.4  Verb mode for urls, etc.
)
LaTeX Info: Redefining \url on input line 4804.
\XeTeXLinkMargin=\dimen184

(/usr/local/texlive/2020/texmf-dist/tex/generic/bitset/bitset.sty
Package: bitset 2019/12/09 v1.3 Handle bit-vector datatype (HO)

(/usr/local/texlive/2020/texmf-dist/tex/generic/bigintcalc/bigintcalc.sty
Package: bigintcalc 2019/12/15 v1.5 Expandable calculations on big integers (HO
)
))
\Fld@menulength=\count307
\Field@Width=\dimen185
\Fld@charsize=\dimen186
Package hyperref Info: Hyper figures OFF on input line 6075.
Package hyperref Info: Link nesting OFF on input line 6080.
Package hyperref Info: Hyper index ON on input line 6083.
Package hyperref Info: backreferencing OFF on input line 6090.
Package hyperref Info: Link coloring OFF on input line 6095.
Package hyperref Info: Link coloring with OCG OFF on input line 6100.
Package hyperref Info: PDF/A mode OFF on input line 6105.
LaTeX Info: Redefining \ref on input line 6145.
LaTeX Info: Redefining \pageref on input line 6149.

(/usr/local/texlive/2020/texmf-dist/tex/latex/base/atbegshi-ltx.sty
Package: atbegshi-ltx 2020/08/17 v1.0a Emulation of the original atbegshi packa
ge
with kernel methods
)
\Hy@abspage=\count308
\c@Item=\count309
\c@Hfootnote=\count310
)
(/usr/local/texlive/2020/texmf-dist/tex/latex/memoir/memhfixc.sty
Package: memhfixc 2019/10/24 v1.18 nameref/hyperref package fixes for memoir cl
ass
\c@memhycontfloat=\count311
\c@Hpagenote=\count312
)
Package hyperref Info: Driver (autodetected): hpdftex.

(/usr/local/texlive/2020/texmf-dist/tex/latex/hyperref/hpdftex.def
File: hpdftex.def 2021-02-27 v7.00k Hyperref driver for pdfTeX

(/usr/local/texlive/2020/texmf-dist/tex/latex/base/atveryend-ltx.sty
Package: atveryend-ltx 2020/08/19 v1.0a Emulation of the original atvery packag
e
with kernel methods
)
\Fld@listcount=\count313
\c@bookmark@seq@number=\count314

(/usr/local/texlive/2020/texmf-dist/tex/latex/rerunfilecheck/rerunfilecheck.sty
Package: rerunfilecheck 2019/12/05 v1.9 Rerun checks for auxiliary files (HO)

(/usr/local/texlive/2020/texmf-dist/tex/generic/uniquecounter/uniquecounter.sty
Package: uniquecounter 2019/12/15 v1.4 Provide unlimited unique counter (HO)
)
Package uniquecounter Info: New unique counter `rerunfilecheck' on input line 2
86.
)
\Hy@SectionHShift=\skip191
) (/usr/local/texlive/2020/texmf-dist/tex/latex/bookmark/bookmark.sty
Package: bookmark 2020-11-06 v1.29 PDF bookmarks (HO)

(/usr/local/texlive/2020/texmf-dist/tex/latex/bookmark/bkm-pdftex.def
File: bkm-pdftex.def 2020-11-06 v1.29 bookmark driver for pdfTeX (HO)
\BKM@id=\count315
))
(/usr/local/texlive/2020/texmf-dist/tex/generic/babel/babel.sty
Package: babel 2021/03/03 3.55 The Babel package

(/usr/local/texlive/2020/texmf-dist/tex/generic/babel/babel.def
File: babel.def 2021/03/03 3.55 Babel common definitions
\babel@savecnt=\count316
\U@D=\dimen187
\l@babelnohyphens=\language86

(/usr/local/texlive/2020/texmf-dist/tex/generic/babel/txtbabel.def)
\bbl@readstream=\read3
)
\bbl@dirlevel=\count317

(/usr/local/texlive/2020/texmf-dist/tex/generic/babel-english/english.ldf
Language: english 2017/06/06 v3.3r English support from the babel system
Package babel Info: \l@canadian = using hyphenrules for english
(babel)             (\language0) on input line 102.
Package babel Info: \l@australian = using hyphenrules for ukenglish
(babel)             (\language21) on input line 105.
Package babel Info: \l@newzealand = using hyphenrules for ukenglish
(babel)             (\language21) on input line 108.
)
(/usr/local/texlive/2020/texmf-dist/tex/generic/babel-french/french.ldf
Language: french 2020/10/10 v3.5l French support from the babel system
Package babel Info: \l@acadian = using hyphenrules for french
(babel)             (\language28) on input line 91.
Package babel Info: \l@canadien = using hyphenrules for french
(babel)             (\language28) on input line 92.
\FB@nonchar=\count318
Package babel Info: Making : an active character on input line 430.
Package babel Info: Making ; an active character on input line 431.
Package babel Info: Making ! an active character on input line 432.
Package babel Info: Making ? an active character on input line 433.
\FBguill@level=\count319
\FBold@everypar=\toks24
\FB@Mht=\dimen188
\mc@charclass=\count320
\mc@charfam=\count321
\mc@charslot=\count322
\std@mcc=\count323
\dec@mcc=\count324
\listindentFB=\dimen189
\descindentFB=\dimen190
\labelindentFB=\dimen191
\labelwidthFB=\dimen192
\leftmarginFB=\dimen193
\parindentFFN=\dimen194
\FBfnindent=\dimen195
)
(/usr/local/texlive/2020/texmf-dist/tex/generic/babel-spanish/spanish.ldf
Language: spanish.ldf 2016/03/03 v5.0p Spanish support from the babel system
\es@quottoks=\toks25
\es@quotdepth=\count325
Package babel Info: Making " an active character on input line 561.
Package babel Info: Making . an active character on input line 662.
Package babel Info: Making < an active character on input line 707.
Package babel Info: Making > an active character on input line 707.
)
(/usr/local/texlive/2020/texmf-dist/tex/generic/babel-portuges/brazil.ldf
Language: portuges 2021/02/04 v1.2s Portuguese support from the babel system
Package babel Info: \l@brazil = using hyphenrules for portuguese
(babel)             (\language69) on input line 111.
))
(/usr/local/texlive/2020/texmf-dist/tex/latex/carlisle/scalefnt.sty)
(/usr/local/texlive/2020/texmf-dist/tex/latex/enumitem/enumitem.sty
Package: enumitem 2019/06/20 v3.9 Customized lists
\labelindent=\skip192
\enit@outerparindent=\dimen196
\enit@toks=\toks26
\enit@inbox=\box52
\enit@count@id=\count326
\enitdp@description=\count327
)
(/usr/local/texlive/2020/texmf-dist/tex/latex/tools/calc.sty
Package: calc 2017/05/25 v4.3 Infix arithmetic (KKT,FJ)
\calc@Acount=\count328
\calc@Bcount=\count329
\calc@Adimen=\dimen197
\calc@Bdimen=\dimen198
\calc@Askip=\skip193
\calc@Bskip=\skip194
LaTeX Info: Redefining \setlength on input line 80.
LaTeX Info: Redefining \addtolength on input line 81.
\calc@Ccount=\count330
\calc@Cskip=\skip195
)

******************************************************
Stock height and width: 845.04684pt by 597.50787pt
Top and edge trims: 0pt and 0pt
Page height and width: 845.04684pt by 597.50787pt
Text height and width: 708pt by 455pt
Spine and edge margins: 85.35826pt and 56.9055pt
Upper and lower margins: 85.35826pt and 51.68858pt
Headheight and headsep: 14.5pt and 19.8738pt
Footskip: 30pt
Columnsep and columnseprule: 10pt and 0pt
Marginparsep and marginparwidth: 7pt and 42.9055pt
Sidecapsep and sidecapwidth: 7pt and 42pt
Sidebarhsep and sidebarwidth: 7pt and 42pt
Sidebarvsep and sidebartopsep: 14.5pt and 0pt
Sidebarheight: 590.14995pt
Sidefoothsep and sidefootwidth: 7pt and 42pt
Sidefootvsep and sidefootheight: 14.5pt and 590.14995pt
******************************************************

\c@abntex@bookmarkcounter=\count331
\cftlastnumwidth=\skip196
\chapternamenumlength=\skip197
\ABNTEXcitacaorecuo=\skip198
\c@alineasi=\count332
\c@alineasii=\count333
\enitdp@alineas=\count334
\c@subalineasi=\count335
\enitdp@subalineas=\count336
\c@incisosi=\count337
\enitdp@incisos=\count338
\ABNTEXsignwidth=\skip199
\ABNTEXsignthickness=\skip256
\ABNTEXsignskip=\skip257
) (/usr/local/texlive/2020/texmf-dist/tex/latex/psnfss/helvet.sty
Package: helvet 2020/03/25 PSNFSS-v9.3 (WaS) 
)
(/usr/local/texlive/2020/texmf-dist/tex/latex/base/fontenc.sty
Package: fontenc 2020/08/10 v2.0s Standard LaTeX package
)
(/usr/local/texlive/2020/texmf-dist/tex/latex/base/inputenc.sty
Package: inputenc 2020/08/01 v1.3d Input encoding file
\inpenc@prehook=\toks27
\inpenc@posthook=\toks28
)
(/usr/local/texlive/2020/texmf-dist/tex/latex/tools/indentfirst.sty
Package: indentfirst 1995/11/23 v1.03 Indent first paragraph (DPC)
)
(/usr/local/texlive/2020/texmf-dist/tex/latex/graphics/color.sty
Package: color 2020/02/24 v1.2b Standard LaTeX Color (DPC)

(/usr/local/texlive/2020/texmf-dist/tex/latex/graphics-cfg/color.cfg
File: color.cfg 2016/01/02 v1.6 sample color configuration
)
Package color Info: Driver file: pdftex.def on input line 147.

(/usr/local/texlive/2020/texmf-dist/tex/latex/graphics-def/pdftex.def
File: pdftex.def 2020/10/05 v1.2a Graphics/color driver for pdftex
))
(/usr/local/texlive/2020/texmf-dist/tex/latex/graphics/graphicx.sty
Package: graphicx 2020/09/09 v1.2b Enhanced LaTeX Graphics (DPC,SPQR)

(/usr/local/texlive/2020/texmf-dist/tex/latex/graphics/graphics.sty
Package: graphics 2020/08/30 v1.4c Standard LaTeX Graphics (DPC,SPQR)

(/usr/local/texlive/2020/texmf-dist/tex/latex/graphics/trig.sty
Package: trig 2016/01/03 v1.10 sin cos tan (DPC)
)
(/usr/local/texlive/2020/texmf-dist/tex/latex/graphics-cfg/graphics.cfg
File: graphics.cfg 2016/06/04 v1.11 sample graphics configuration
)
Package graphics Info: Driver file: pdftex.def on input line 105.
)
\Gin@req@height=\dimen199
\Gin@req@width=\dimen256
)
(/usr/local/texlive/2020/texmf-dist/tex/latex/microtype/microtype.sty
Package: microtype 2021/02/25 v2.8b Micro-typographical refinements (RS)
\MT@toks=\toks29
\MT@count=\count339
LaTeX Info: Redefining \textls on input line 788.
\MT@outer@kern=\dimen257
LaTeX Info: Redefining \textmicrotypecontext on input line 1358.
\MT@listname@count=\count340

(/usr/local/texlive/2020/texmf-dist/tex/latex/microtype/microtype-pdftex.def
File: microtype-pdftex.def 2021/02/25 v2.8b Definitions specific to pdftex (RS)

LaTeX Info: Redefining \lsstyle on input line 915.
LaTeX Info: Redefining \lslig on input line 915.
\MT@outer@space=\skip258
)
Package microtype Info: Loading configuration file microtype.cfg.

(/usr/local/texlive/2020/texmf-dist/tex/latex/microtype/microtype.cfg
File: microtype.cfg 2021/02/25 v2.8b microtype main configuration file (RS)
))
(/usr/local/texlive/2020/texmf-dist/tex/latex/ae/ae.sty
Package: ae 2001/02/12 1.3 Almost European Computer Modern

(/usr/local/texlive/2020/texmf-dist/tex/latex/base/fontenc.sty
Package: fontenc 2020/08/10 v2.0s Standard LaTeX package
))
(/usr/local/texlive/2020/texmf-dist/tex/latex/ae/aecompl.sty
Package: aecompl 1998/07/23 0.9 T1 Complements for AE fonts (D. Roegel)
)
(/usr/local/texlive/2020/texmf-dist/tex/latex/lipsum/lipsum.sty
(/usr/local/texlive/2020/texmf-dist/tex/latex/l3kernel/expl3.sty
Package: expl3 2021-02-18 L3 programming layer (loader) 

(/usr/local/texlive/2020/texmf-dist/tex/latex/l3backend/l3backend-pdftex.def
File: l3backend-pdftex.def 2021-03-02 L3 backend support: PDF output (pdfTeX)
\l__color_backend_stack_int=\count341
\l__pdf_internal_box=\box53
))
(/usr/local/texlive/2020/texmf-dist/tex/latex/l3packages/xparse/xparse.sty
(/usr/local/texlive/2020/texmf-dist/tex/latex/l3packages/xparse/xparse-2020-10-
01.sty
(/usr/local/texlive/2020/texmf-dist/tex/latex/l3packages/xparse/xparse-generic.
tex)))
Package: lipsum 2021-03-03 v2.3 150 paragraphs of Lorem Ipsum dummy text
 (/usr/local/texlive/2020/texmf-dist/tex/latex/lipsum/lipsum.ltd.tex
File: lipsum.ltd.tex 2021-03-03 v2.3 The Lorem ipsum dummy text
))
(/usr/local/texlive/2020/texmf-dist/tex/latex/hyperref/backref.sty
Package: backref 2021/02/04 v1.41 Bibliographical back referencing
)
(/usr/local/texlive/2020/texmf-dist/tex/latex/abntex2/abntex2cite.sty
Package: abntex2cite 2018/11/24 v-1.9.7 abnTeX2

(/usr/local/texlive/2020/texmf-dist/tex/latex/abntex2/abntex2abrev.sty)
\minimumbiblabelwidth=\skip259
\ABCIauxlen=\skip260
\c@ABCIaux=\count342
\c@ABCImax=\count343

(/usr/local/texlive/2020/texmf-dist/tex/generic/iftex/ifpdf.sty
Package: ifpdf 2019/10/25 v3.4 ifpdf legacy package. Use iftex instead.
)
(/usr/local/texlive/2020/texmf-dist/tex/generic/iftex/ifxetex.sty
Package: ifxetex 2019/10/25 v0.7 ifxetex legacy package. Use iftex instead.
)
(/usr/local/texlive/2020/texmf-dist/tex/latex/relsize/relsize.sty
Package: relsize 2013/03/29 ver 4.1
)
\biblabelsep=\skip261
LaTeX Info: Redefining \newblock on input line 591.
LaTeX Info: Redefining \cite on input line 618.
\ABCItoken=\toks30
)
Package color Info: Redefining color blue on input line 151.
Package hyperref Info: Option `colorlinks' set `true' on input line 168.
\c@quadro=\count344
\c@loqdepth=\count345
\cftbeforequadroskip=\skip262
\cftquadroindent=\skip263
\cftquadronumwidth=\skip264
\abntex2-modelo-trabalho-academico@idxfile=\write4
\openout4 = `abntex2-modelo-trabalho-academico.idx'.


Writing index file abntex2-modelo-trabalho-academico.idx 
LaTeX Font Info:    Trying to load font information for T1+aess on input line 2
19.
(/usr/local/texlive/2020/texmf-dist/tex/latex/ae/t1aess.fd
File: t1aess.fd 1997/11/16 Font definitions for T1/aess.
)
(./abntex2-modelo-trabalho-academico.aux (./abntex2-modelo-include-comandos.aux
))
\openout1 = `abntex2-modelo-trabalho-academico.aux'.

LaTeX Font Info:    Checking defaults for OML/cmm/m/it on input line 219.
LaTeX Font Info:    ... okay on input line 219.
LaTeX Font Info:    Checking defaults for OMS/cmsy/m/n on input line 219.
LaTeX Font Info:    ... okay on input line 219.
LaTeX Font Info:    Checking defaults for OT1/cmr/m/n on input line 219.
LaTeX Font Info:    ... okay on input line 219.
LaTeX Font Info:    Checking defaults for T1/cmr/m/n on input line 219.
LaTeX Font Info:    ... okay on input line 219.
LaTeX Font Info:    Checking defaults for TS1/cmr/m/n on input line 219.
LaTeX Font Info:    ... okay on input line 219.
LaTeX Font Info:    Checking defaults for OMX/cmex/m/n on input line 219.
LaTeX Font Info:    ... okay on input line 219.
LaTeX Font Info:    Checking defaults for U/cmr/m/n on input line 219.
LaTeX Font Info:    ... okay on input line 219.
LaTeX Font Info:    Checking defaults for PD1/pdf/m/n on input line 219.
LaTeX Font Info:    ... okay on input line 219.
LaTeX Font Info:    Checking defaults for PU/pdf/m/n on input line 219.
LaTeX Font Info:    ... okay on input line 219.
Package hyperref Info: Link coloring ON on input line 219.
 (/usr/local/texlive/2020/texmf-dist/tex/latex/hyperref/nameref.sty
Package: nameref 2021-04-02 v2.47 Cross-referencing by name of section

(/usr/local/texlive/2020/texmf-dist/tex/latex/refcount/refcount.sty
Package: refcount 2019/12/15 v3.6 Data extraction from label references (HO)
)
(/usr/local/texlive/2020/texmf-dist/tex/generic/gettitlestring/gettitlestring.s
ty
Package: gettitlestring 2019/12/15 v1.6 Cleanup title references (HO)
)
\c@section@level=\count346
)
Redoing nameref's sectioning
Redoing nameref's label
LaTeX Info: Redefining \nameref on input line 219.
LaTeX Info: Redefining \ref on input line 219.
LaTeX Info: Redefining \pageref on input line 219.
LaTeX Info: Redefining \nameref on input line 219.
LaTeX Info: Redefining \degres on input line 219.
LaTeX Info: Redefining \dots on input line 219.
LaTeX Info: Redefining \up on input line 219.
\myptabbox=\box54
\myptabboxwidth=\skip265
(/usr/local/texlive/2020/texmf-dist/tex/context/base/mkii/supp-pdf.mkii
[Loading MPS to PDF converter (version 2006.09.02).]
\scratchcounter=\count347
\scratchdimen=\dimen258
\scratchbox=\box55
\nofMPsegments=\count348
\nofMParguments=\count349
\everyMPshowfont=\toks31
\MPscratchCnt=\count350
\MPscratchDim=\dimen259
\MPnumerator=\count351
\makeMPintoPDFobject=\count352
\everyMPtoPDFconversion=\toks32
) (/usr/local/texlive/2020/texmf-dist/tex/latex/epstopdf-pkg/epstopdf-base.sty
Package: epstopdf-base 2020-01-24 v2.11 Base part for package epstopdf
Package epstopdf-base Info: Redefining graphics rule for `.eps' on input line 4
85.

(/usr/local/texlive/2020/texmf-dist/tex/latex/latexconfig/epstopdf-sys.cfg
File: epstopdf-sys.cfg 2010/07/13 v1.3 Configuration of (r)epstopdf for TeX Liv
e
))
LaTeX Info: Redefining \microtypecontext on input line 219.
Package microtype Info: Generating PDF output.
Package microtype Info: Character protrusion enabled (level 2).
Package microtype Info: Using default protrusion set `alltext'.
Package microtype Info: Automatic font expansion enabled (level 2),
(microtype)             stretch: 20, shrink: 20, step: 1, non-selected.
Package microtype Info: Using default expansion set `alltext-nott'.
LaTeX Info: Redefining \showhyphens on input line 219.
Package microtype Info: No adjustment of tracking.
Package microtype Info: No adjustment of interword spacing.
Package microtype Info: No adjustment of character kerning.
Package microtype Info: Loading generic protrusion settings for font family
(microtype)             `aess' (encoding: T1).
(microtype)             For optimal results, create family-specific settings.
(microtype)             See the microtype manual for details.
LaTeX Font Info:    Font shape `T1/aess/b/n' in size <12> not available
(Font)              Font shape `T1/aess/bx/n' tried instead on input line 236.
LaTeX Font Info:    Font shape `T1/aess/b/n' in size <14.4> not available
(Font)              Font shape `T1/aess/bx/n' tried instead on input line 236.
LaTeX Font Info:    Font shape `T1/aess/b/n' in size <20.74> not available
(Font)              Font shape `T1/aess/bx/n' tried instead on input line 236.

[1

{/usr/local/texlive/2020/texmf-var/fonts/map/pdftex/updmap/pdftex.map}]
LaTeX Font Info:    Font shape `T1/aess/b/n' in size <17.28> not available
(Font)              Font shape `T1/aess/bx/n' tried instead on input line 245.

(/usr/local/texlive/2020/texmf-dist/tex/latex/microtype/mt-cmr.cfg
File: mt-cmr.cfg 2013/05/19 v2.2 microtype config. file: Computer Modern Roman 
(RS)
)
LaTeX Font Info:    External font `cmex10' loaded for size
(Font)              <12> on input line 245.
LaTeX Font Info:    External font `cmex10' loaded for size
(Font)              <8> on input line 245.
LaTeX Font Info:    External font `cmex10' loaded for size
(Font)              <6> on input line 245.
pdfTeX warning (ext4): destination with the same identifier (name{page.1}) has 
been already used, duplicate ignored
<to be read again> 
                   \relax 
l.245 
       [1



]
Underfull \hbox (badness 10000) in paragraph at lines 289--289

 []


Underfull \hbox (badness 10000) in paragraph at lines 289--289

 []


Overfull \hbox (16.65723pt too wide) in paragraph at lines 289--289
[]  [] 
 []


Underfull \hbox (badness 10000) in paragraph at lines 289--289

 []

LaTeX Font Info:    External font `cmex10' loaded for size
(Font)              <7> on input line 289.
LaTeX Font Info:    External font `cmex10' loaded for size
(Font)              <5> on input line 289.
[2]
LaTeX Font Info:    Font shape `T1/aess/b/n' in size <10> not available
(Font)              Font shape `T1/aess/bx/n' tried instead on input line 313.
 [3

] [4


]
LaTeX Font Info:    Font shape `T1/aess/m/it' in size <12> not available
(Font)              Font shape `T1/aess/m/sl' tried instead on input line 381.
 [5

] [6


] [7

] [8

] [9

] [10

]
LaTeX Info: Redefining \. on input line 466.
LaTeX Info: Redefining \% on input line 466.
 [11

]
(./abntex2-modelo-trabalho-academico.lof) [12

]
(./abntex2-modelo-trabalho-academico.loq) [13

]
(./abntex2-modelo-trabalho-academico.lot) [14

] [15


] [16


]
(./abntex2-modelo-trabalho-academico.toc
LaTeX Font Info:    External font `cmex10' loaded for size
(Font)              <14.4> on input line 5.
 [17

]) [18] [19


] [20

]
\openout2 = `abntex2-modelo-include-comandos.aux'.


(./abntex2-modelo-include-comandos.tex
LaTeX Font Info:    Trying to load font information for T1+aett on input line 3
7.

(/usr/local/texlive/2020/texmf-dist/tex/latex/ae/t1aett.fd
File: t1aett.fd 1997/11/16 Font definitions for T1/aett.
)
Package microtype Info: Loading generic protrusion settings for font family
(microtype)             `aett' (encoding: T1).
(microtype)             For optimal results, create family-specific settings.
(microtype)             See the microtype manual for details.

Overfull \hbox (19.31502pt too wide) in paragraph at lines 60--60
[]\T1/aett/m/n/12 As citações diretas, no texto, com mais de três linhas [...] 
deve-se observar[] 
 []

LaTeX Font Info:    Font shape `T1/aess/m/it' in size <10> not available
(Font)              Font shape `T1/aess/m/sl' tried instead on input line 78.
[21


]
Underfull \hbox (badness 10000) in paragraph at lines 116--116
[]|\T1/aess/bx/n/10 (+20) Sistemas de
 []

[22]
<abntex2-modelo-img-grafico.pdf, id=343, 847.165pt x 314.17375pt>
File: abntex2-modelo-img-grafico.pdf Graphic file (type pdf)
<use abntex2-modelo-img-grafico.pdf>
Package pdftex.def Info: abntex2-modelo-img-grafico.pdf  used on input line 226
.
(pdftex.def)             Requested size: 423.58145pt x 157.08649pt.
<abntex2-modelo-img-marca.pdf, id=350, 227.51701pt x 72.2695pt>
File: abntex2-modelo-img-marca.pdf Graphic file (type pdf)
<use abntex2-modelo-img-marca.pdf>
Package pdftex.def Info: abntex2-modelo-img-marca.pdf  used on input line 245.
(pdftex.def)             Requested size: 204.76341pt x 65.04192pt.

Overfull \hbox (22.76619pt too wide) in paragraph at lines 245--246
 [][] 
 []

File: abntex2-modelo-img-grafico.pdf Graphic file (type pdf)
<use abntex2-modelo-img-grafico.pdf>
Package pdftex.def Info: abntex2-modelo-img-grafico.pdf  used on input line 252
.
(pdftex.def)             Requested size: 169.43pt x 62.83363pt.
[23] [24 <./abntex2-modelo-img-grafico.pdf> <./abntex2-modelo-img-marca.pdf>]
[25]
Overfull \hbox (21.77861pt too wide) in paragraph at lines 382--382
[]   \T1/aett/m/n/12 \usepackage{indentfirst}      % Indenta o primeiro parágra
fo de cada seção.[] 
 []

[26]
Overfull \hbox (1.42856pt too wide) in paragraph at lines 452--452
[]   \T1/aett/m/n/12 makeindex ARQUIVO_PRINCIPAL.nlo -s nomencl.ist -o ARQUIVO_
PRINCIPAL.nls[] 
 []


Overfull \hbox (7.59651pt too wide) in paragraph at lines 474--474
[]\T1/aett/m/n/12 Ao nomear a \autoref{tab-nivinv} e a \autoref{fig_circulo}, a
presentamos um[] 
 []


Overfull \hbox (25.48297pt too wide) in paragraph at lines 476--476
[]\T1/aett/m/n/12 \autoref{cap_exemplos}, que tem o nome \emph{\nameref{cap_exe
mplos}}. O número[] 
 []


Overfull \hbox (31.34222pt too wide) in paragraph at lines 478--478
[]\T1/aett/m/n/12 \autopageref{cap_exemplos}\footnote{O número da página de uma
 remissão pode ser[] 
 []


Overfull \hbox (25.79167pt too wide) in paragraph at lines 481--481
[]\T1/aett/m/n/12 Veja a \autoref{sec-divisoes} para outros exemplos de remissõ
es internas entre[] 
 []

[27] [28] [29]
Overfull \hbox (177.19308pt too wide) in paragraph at lines 614--614
 [][] [][][]\T1/aess/m/n/10 (-20) Extraído de: [][]$<[]http : / / bigbrowser . 
blog . lemonde . fr / 2013 / 02 / 17 / tu-[]ne-[]tweeteras-[]point-[]le-[]vatic
an-[]interdit-[]aux-[]cardinaux-[]de-[]tweeter-[]pendant-[]le-[]conclave /
 []

LaTeX Info: Redefining \. on input line 632.
LaTeX Info: Redefining \% on input line 632.
[30] [31]) [32] [33



] [34

] [35

] [36

] [37

] [38

]
(./abntex2-modelo-trabalho-academico.bbl
(./abntex2-modelo-trabalho-academico.brf)
\tf@brf=\write5
\openout5 = `abntex2-modelo-trabalho-academico.brf'.

 [39

]
bibitemlist
[40

]) [41] [42


] [43

] [44

] [45


] [46

] [47

]
No file abntex2-modelo-trabalho-academico.ind.
[48

]
\tf@lof=\write6
\openout6 = `abntex2-modelo-trabalho-academico.lof'.

\tf@loq=\write7
\openout7 = `abntex2-modelo-trabalho-academico.loq'.

\tf@lot=\write8
\openout8 = `abntex2-modelo-trabalho-academico.lot'.

\tf@toc=\write9
\openout9 = `abntex2-modelo-trabalho-academico.toc'.

 (./abntex2-modelo-trabalho-academico.aux
(./abntex2-modelo-include-comandos.aux))
Package rerunfilecheck Info: File `abntex2-modelo-trabalho-academico.brf' has n
ot changed.
(rerunfilecheck)             Checksum: 50031FFA494DBA23E354197449BB58F1;1438.
 ) 
Here is how much of TeX's memory you used:
 17878 strings out of 479022
 268525 string characters out of 5859386
 935917 words of memory out of 5000000
 34219 multiletter control sequences out of 15000+600000
 486448 words of font info for 551 fonts, out of 8000000 for 9000
 1141 hyphenation exceptions out of 8191
 86i,13n,88p,2038b,589s stack positions out of 5000i,500n,10000p,200000b,80000s
</usr/local/texlive/2020/texmf-dist/fonts/type1/public/amsfonts/cm/cmex10.pfb
></usr/local/texlive/2020/texmf-dist/fonts/type1/public/amsfonts/cm/cmmi10.pfb>
</usr/local/texlive/2020/texmf-dist/fonts/type1/public/amsfonts/cm/cmmi12.pfb><
/usr/local/texlive/2020/texmf-dist/fonts/type1/public/amsfonts/cm/cmmi8.pfb></u
sr/local/texlive/2020/texmf-dist/fonts/type1/public/amsfonts/cm/cmr12.pfb></usr
/local/texlive/2020/texmf-dist/fonts/type1/public/amsfonts/cm/cmr8.pfb></usr/lo
cal/texlive/2020/texmf-dist/fonts/type1/public/amsfonts/cm/cmss10.pfb></usr/loc
al/texlive/2020/texmf-dist/fonts/type1/public/amsfonts/cm/cmss12.pfb></usr/loca
l/texlive/2020/texmf-dist/fonts/type1/public/amsfonts/cm/cmss8.pfb></usr/local/
texlive/2020/texmf-dist/fonts/type1/public/amsfonts/cm/cmssbx10.pfb></usr/local
/texlive/2020/texmf-dist/fonts/type1/public/amsfonts/cm/cmssi10.pfb></usr/local
/texlive/2020/texmf-dist/fonts/type1/public/amsfonts/cm/cmssi12.pfb></usr/local
/texlive/2020/texmf-dist/fonts/type1/public/amsfonts/cm/cmsy10.pfb></usr/local/
texlive/2020/texmf-dist/fonts/type1/public/amsfonts/cm/cmsy8.pfb></usr/local/te
xlive/2020/texmf-dist/fonts/type1/public/amsfonts/cm/cmtt12.pfb></usr/local/tex
live/2020/texmf-dist/fonts/type1/public/amsfonts/latxfont/line10.pfb>
Output written on abntex2-modelo-trabalho-academico.pdf (49 pages, 475571 bytes
).
PDF statistics:
 968 PDF objects out of 1000 (max. 8388607)
 864 compressed objects within 9 object streams
 198 named destinations out of 1000 (max. 500000)
 125483 words of extra memory for PDF output out of 128383 (max. 10000000)

